Using pre-set license
Built from '2020.2/staging' branch; Version is '2020.2.6f1 (8a2143876886) revision 9052483'; Using compiler version '192528614'; Build Type 'Release'
OS: 'Windows 10 Home; OS build 19041.867; Version 2004; 64bit' Language: 'ru' Physical Memory: 8143 MB
BatchMode: 1, IsHumanControllingUs: 0, StartBugReporterOnCrash: 0, Is64bit: 1, IsPro: 0

 COMMAND LINE ARGUMENTS:
F:\Unity\Engine\2020.2.6f1\Editor\Unity.exe
-adb2
-batchMode
-noUpm
-name
AssetImportWorker1
-projectPath
F:/UnityProjects/OnGEE
-logFile
Logs/AssetImportWorker1.log
-srvPort
51551
Successfully changed project path to: F:/UnityProjects/OnGEE
F:/UnityProjects/OnGEE
Using Asset Import Pipeline V2.
Refreshing native plugins compatible for Editor in 44.29 ms, found 1 plugins.
Preloading 0 native plugins for Editor in 0.00 ms.
Initialize engine version: 2020.2.6f1 (8a2143876886)
[Subsystems] Discovering subsystems at path F:/Unity/Engine/2020.2.6f1/Editor/Data/Resources/UnitySubsystems
[Subsystems] Discovering subsystems at path F:/UnityProjects/OnGEE/Assets
GfxDevice: creating device client; threaded=0
Direct3D:
    Version:  Direct3D 11.0 [level 11.1]
    Renderer: NVIDIA GeForce GTX 1060 6GB (ID=0x1c03)
    Vendor:   
    VRAM:     6052 MB
    Driver:   27.21.14.6079
Initialize mono
Mono path[0] = 'F:/Unity/Engine/2020.2.6f1/Editor/Data/Managed'
Mono path[1] = 'F:/Unity/Engine/2020.2.6f1/Editor/Data/MonoBleedingEdge/lib/mono/unityjit'
Mono config path = 'F:/Unity/Engine/2020.2.6f1/Editor/Data/MonoBleedingEdge/etc'
Using monoOptions --debugger-agent=transport=dt_socket,embedding=1,server=y,suspend=n,address=127.0.0.1:56996
Begin MonoManager ReloadAssembly
Registering precompiled unity dll's ...
Register platform support module: F:/Unity/Engine/2020.2.6f1/Editor/Data/PlaybackEngines/WebGLSupport/UnityEditor.WebGL.Extensions.dll
Register platform support module: F:/Unity/Engine/2020.2.6f1/Editor/Data/PlaybackEngines/MacStandaloneSupport/UnityEditor.OSXStandalone.Extensions.dll
Register platform support module: F:/Unity/Engine/2020.2.6f1/Editor/Data/PlaybackEngines/WindowsStandaloneSupport/UnityEditor.WindowsStandalone.Extensions.dll
Register platform support module: F:/Unity/Engine/2020.2.6f1/Editor/Data/PlaybackEngines/LinuxStandaloneSupport/UnityEditor.LinuxStandalone.Extensions.dll
Register platform support module: F:/Unity/Engine/2020.2.6f1/Editor/Data/PlaybackEngines/LuminSupport/UnityEditor.Lumin.Extensions.dll
Registered in 0.002810 seconds.
Native extension for Lumin target not found
Native extension for LinuxStandalone target not found
Native extension for WindowsStandalone target not found
Native extension for OSXStandalone target not found
Native extension for WebGL target not found
Refreshing native plugins compatible for Editor in 44.35 ms, found 1 plugins.
Preloading 0 native plugins for Editor in 0.00 ms.
Invoked RoslynAnalysisRunner static constructor.
RoslynAnalysisRunner will not be running.
RoslynAnalysisRunner has terminated.
Mono: successfully reloaded assembly
- Completed reload, in  2.083 seconds
Platform modules already initialized, skipping
Registering precompiled user dll's ...
Registered in 0.000993 seconds.
Begin MonoManager ReloadAssembly
Native extension for Lumin target not found
Native extension for LinuxStandalone target not found
Native extension for WindowsStandalone target not found
Native extension for OSXStandalone target not found
Native extension for WebGL target not found
Refreshing native plugins compatible for Editor in 42.52 ms, found 1 plugins.
Preloading 0 native plugins for Editor in 0.00 ms.
Invoked RoslynAnalysisRunner static constructor.
RoslynAnalysisRunner will not be running.
RoslynAnalysisRunner has terminated.
Mono: successfully reloaded assembly
- Completed reload, in  1.969 seconds
Platform modules already initialized, skipping
========================================================================
Worker process is ready to serve import requests
Launched and connected shader compiler UnityShaderCompiler.exe after 0.19 seconds
Refreshing native plugins compatible for Editor in 0.52 ms, found 1 plugins.
Preloading 0 native plugins for Editor in 0.00 ms.
Unloading 1905 Unused Serialized files (Serialized files now loaded: 0)
System memory in use before: 87.4 MB.
System memory in use after: 87.5 MB.

Unloading 32 unused Assets to reduce memory usage. Loaded Objects now: 2339.
Total: 2.415000 ms (FindLiveObjects: 0.310400 ms CreateObjectMapping: 0.053800 ms MarkObjects: 1.980600 ms  DeleteObjects: 0.068400 ms)

========================================================================
Received Import Request.
  path: Assets/Scenes/main.unity
  artifactKey: Guid(c00bb65bb2501b44fae088d23d68363b) Importer(815301076,1909f56bfc062723c751e8b465ee728b)
Start importing Assets/Scenes/main.unity using Guid(c00bb65bb2501b44fae088d23d68363b) Importer(815301076,1909f56bfc062723c751e8b465ee728b)  -> (artifact id: 'f5372d9b81d26b5ba2c97ddd0ecc6bcb') in 0.024986 seconds
  Import took 0.028142 seconds .

========================================================================
Received Import Request.
  Time since last request: 15.138821 seconds.
  path: Assets/Scenes/SampleScene.unity
  artifactKey: Guid(2cda990e2423bbf4892e6590ba056729) Importer(815301076,1909f56bfc062723c751e8b465ee728b)
Start importing Assets/Scenes/SampleScene.unity using Guid(2cda990e2423bbf4892e6590ba056729) Importer(815301076,1909f56bfc062723c751e8b465ee728b)  -> (artifact id: 'f39e3beba7d767a9305dde3fd54c9d9c') in 0.002594 seconds
  Import took 0.005643 seconds .

========================================================================
Received Import Request.
  Time since last request: 20.951833 seconds.
  path: Assets/Scenes/main.unity
  artifactKey: Guid(c00bb65bb2501b44fae088d23d68363b) Importer(815301076,1909f56bfc062723c751e8b465ee728b)
Start importing Assets/Scenes/main.unity using Guid(c00bb65bb2501b44fae088d23d68363b) Importer(815301076,1909f56bfc062723c751e8b465ee728b)  -> (artifact id: 'e4ea51b24e86c3038ffff9d9e7bd6b76') in 0.002327 seconds
  Import took 0.005432 seconds .

========================================================================
Received Import Request.
  Time since last request: 92.166824 seconds.
  path: Assets/Scenes/main.unity
  artifactKey: Guid(c00bb65bb2501b44fae088d23d68363b) Importer(815301076,1909f56bfc062723c751e8b465ee728b)
Start importing Assets/Scenes/main.unity using Guid(c00bb65bb2501b44fae088d23d68363b) Importer(815301076,1909f56bfc062723c751e8b465ee728b)  -> (artifact id: 'e12470e40fb9b9f2b393afb58f79b4d1') in 0.002446 seconds
  Import took 0.005546 seconds .

========================================================================
Received Prepare
Refreshing native plugins compatible for Editor in 4.78 ms, found 1 plugins.
Preloading 0 native plugins for Editor in 0.00 ms.
Unloading 18 Unused Serialized files (Serialized files now loaded: 0)
System memory in use before: 49.7 MB.
System memory in use after: 49.9 MB.

Unloading 18 unused Assets to reduce memory usage. Loaded Objects now: 2339.
Total: 2.480400 ms (FindLiveObjects: 0.212300 ms CreateObjectMapping: 0.048400 ms MarkObjects: 2.196700 ms  DeleteObjects: 0.021800 ms)

AssetImportWorkerClient::OnTransportError - code=2 error=End of file
